#
# There is insufficient memory for the Java Runtime Environment to continue.
# Native memory allocation (malloc) failed to allocate 1030336 bytes for Chunk::new
# Possible reasons:
#   The system is out of physical RAM or swap space
#   The process is running with CompressedOops enabled, and the Java Heap may be blocking the growth of the native heap
# Possible solutions:
#   Reduce memory load on the system
#   Increase physical memory or swap space
#   Check if swap backing store is full
#   Decrease Java heap size (-Xmx/-Xms)
#   Decrease number of Java threads
#   Decrease Java thread stack sizes (-Xss)
#   Set larger code cache with -XX:ReservedCodeCacheSize=
#   JVM is running with Unscaled Compressed Oops mode in which the Java heap is
#     placed in the first 4GB address space. The Java Heap base address is the
#     maximum limit for the native heap growth. Please use -XX:HeapBaseMinAddress
#     to set the Java Heap base and to place the Java Heap above 4GB virtual address.
# This output file may be truncated or incomplete.
#
#  Out of Memory Error (arena.cpp:168), pid=6428, tid=11688
#
# JRE version: Java(TM) SE Runtime Environment (21.0.3+7) (build 21.0.3+7-LTS-152)
# Java VM: Java HotSpot(TM) 64-Bit Server VM (21.0.3+7-LTS-152, mixed mode, sharing, tiered, compressed oops, compressed class ptrs, g1 gc, windows-amd64)
# No core dump will be written. Minidumps are not enabled by default on client versions of Windows
#

---------------  S U M M A R Y ------------

Command Line: -Dclassworlds.conf=C:\Program Files\NetBeans-19\netbeans\java\maven\bin\m2.conf -Dmaven.home=C:\Program Files\NetBeans-19\netbeans\java\maven -Dlibrary.jansi.path=C:\Program Files\NetBeans-19\netbeans\java\maven\lib\jansi-native -Dmaven.multiModuleProjectDirectory=C:\Users\MINEDUCYT\Documents\Proyectos Java Luis\LLVGCRUD03JAVASWING org.codehaus.plexus.classworlds.launcher.Launcher -Dexec.vmArgs= -Dexec.args=${exec.vmArgs} -classpath %classpath ${exec.mainClass} ${exec.appArgs} -Dexec.appArgs= -Dexec.mainClass=com.mycompany.llvgcrud03javaswing.LLVGCRUD03JAVASWING -Dexec.executable=C:\Program Files\Java\jdk-21\bin\java.exe -Dmaven.ext.class.path=C:\Program Files\NetBeans-19\netbeans\java\maven-nblib\netbeans-eventspy.jar -Dfile.encoding=UTF-8 --no-transfer-progress process-classes org.codehaus.mojo:exec-maven-plugin:3.1.0:exec

Host: Intel(R) Celeron(R) N5100 @ 1.10GHz, 4 cores, 3G,  Windows 10 , 64 bit Build 19041 (10.0.19041.3636)
Time: Thu Jun 13 09:45:49 2024 Hora estándar, América Central elapsed time: 8.479178 seconds (0d 0h 0m 8s)

---------------  T H R E A D  ---------------

Current thread (0x0000025fa58a4c00):  JavaThread "C2 CompilerThread0" daemon [_thread_in_native, id=11688, stack(0x000000b642e00000,0x000000b642f00000) (1024K)]


Current CompileTask:
C2:   8479 6168       4       com.sun.tools.javac.code.Types::implementation (13 bytes)

Stack: [0x000000b642e00000,0x000000b642f00000]
Native frames: (J=compiled Java code, j=interpreted, Vv=VM code, C=native code)
V  [jvm.dll+0x6c63b9]
V  [jvm.dll+0x84fa11]
V  [jvm.dll+0x851f3e]
V  [jvm.dll+0x852613]
V  [jvm.dll+0x27cd46]
V  [jvm.dll+0xc4aad]
V  [jvm.dll+0xc4fe3]
V  [jvm.dll+0x2efaff]
V  [jvm.dll+0x5f150a]
V  [jvm.dll+0x24e99f]
V  [jvm.dll+0x24ed7f]
V  [jvm.dll+0x247984]
V  [jvm.dll+0x245014]
V  [jvm.dll+0x1c689e]
V  [jvm.dll+0x254609]
V  [jvm.dll+0x252b9a]
V  [jvm.dll+0x3eb056]
V  [jvm.dll+0x7f9ffb]
V  [jvm.dll+0x6c4a9d]
C  [ucrtbase.dll+0x21bb2]
C  [KERNEL32.DLL+0x17344]
C  [ntdll.dll+0x4cc91]


---------------  P R O C E S S  ---------------

Threads class SMR info:
_java_thread_list=0x0000025fedbd0250, length=15, elements={
0x0000025f88b7bee0, 0x0000025fa5893fd0, 0x0000025fa589dd70, 0x0000025fa589fb40,
0x0000025fa58a29b0, 0x0000025fa58a3410, 0x0000025fa58a3e70, 0x0000025fa58a4c00,
0x0000025fa590f070, 0x0000025fa596d880, 0x0000025fa5aaf470, 0x0000025febca2c50,
0x0000025fec59c7b0, 0x0000025fed1a5270, 0x0000025fed64ffe0
}

Java Threads: ( => current thread )
  0x0000025f88b7bee0 JavaThread "main"                              [_thread_in_native, id=6048, stack(0x000000b642000000,0x000000b642100000) (1024K)]
  0x0000025fa5893fd0 JavaThread "Reference Handler"          daemon [_thread_blocked, id=4716, stack(0x000000b642800000,0x000000b642900000) (1024K)]
  0x0000025fa589dd70 JavaThread "Finalizer"                  daemon [_thread_blocked, id=3132, stack(0x000000b642900000,0x000000b642a00000) (1024K)]
  0x0000025fa589fb40 JavaThread "Signal Dispatcher"          daemon [_thread_blocked, id=11604, stack(0x000000b642a00000,0x000000b642b00000) (1024K)]
  0x0000025fa58a29b0 JavaThread "Attach Listener"            daemon [_thread_blocked, id=2564, stack(0x000000b642b00000,0x000000b642c00000) (1024K)]
  0x0000025fa58a3410 JavaThread "Service Thread"             daemon [_thread_blocked, id=10692, stack(0x000000b642c00000,0x000000b642d00000) (1024K)]
  0x0000025fa58a3e70 JavaThread "Monitor Deflation Thread"   daemon [_thread_blocked, id=2464, stack(0x000000b642d00000,0x000000b642e00000) (1024K)]
=>0x0000025fa58a4c00 JavaThread "C2 CompilerThread0"         daemon [_thread_in_native, id=11688, stack(0x000000b642e00000,0x000000b642f00000) (1024K)]
  0x0000025fa590f070 JavaThread "C1 CompilerThread0"         daemon [_thread_blocked, id=11924, stack(0x000000b642f00000,0x000000b643000000) (1024K)]
  0x0000025fa596d880 JavaThread "Notification Thread"        daemon [_thread_blocked, id=8872, stack(0x000000b643000000,0x000000b643100000) (1024K)]
  0x0000025fa5aaf470 JavaThread "Common-Cleaner"             daemon [_thread_blocked, id=9540, stack(0x000000b643100000,0x000000b643200000) (1024K)]
  0x0000025febca2c50 JavaThread "C2 CompilerThread1"         daemon [_thread_in_native, id=4512, stack(0x000000b643500000,0x000000b643600000) (1024K)]
  0x0000025fec59c7b0 JavaThread "Exec Stream Pumper"         daemon [_thread_in_native, id=11920, stack(0x000000b643600000,0x000000b643700000) (1024K)]
  0x0000025fed1a5270 JavaThread "Exec Stream Pumper"         daemon [_thread_in_native, id=4704, stack(0x000000b643700000,0x000000b643800000) (1024K)]
  0x0000025fed64ffe0 JavaThread "Exec Input Stream Pumper"   daemon [_thread_blocked, id=11588, stack(0x000000b643800000,0x000000b643900000) (1024K)]
Total: 15

Other Threads:
  0x0000025f8ad45800 VMThread "VM Thread"                           [id=11332, stack(0x000000b642700000,0x000000b642800000) (1024K)]
  0x0000025fa588ca10 WatcherThread "VM Periodic Task Thread"        [id=1288, stack(0x000000b642600000,0x000000b642700000) (1024K)]
  0x0000025f8acc3a30 WorkerThread "GC Thread#0"                     [id=2828, stack(0x000000b642100000,0x000000b642200000) (1024K)]
  0x0000025feb311320 WorkerThread "GC Thread#1"                     [id=1572, stack(0x000000b643200000,0x000000b643300000) (1024K)]
  0x0000025feb3fdd30 WorkerThread "GC Thread#2"                     [id=11252, stack(0x000000b643300000,0x000000b643400000) (1024K)]
  0x0000025feb399050 WorkerThread "GC Thread#3"                     [id=11028, stack(0x000000b643400000,0x000000b643500000) (1024K)]
  0x0000025f8acccb70 ConcurrentGCThread "G1 Main Marker"            [id=4812, stack(0x000000b642200000,0x000000b642300000) (1024K)]
  0x0000025f8accd730 WorkerThread "G1 Conc#0"                       [id=9508, stack(0x000000b642300000,0x000000b642400000) (1024K)]
  0x0000025f8ad1f880 ConcurrentGCThread "G1 Refine#0"               [id=6956, stack(0x000000b642400000,0x000000b642500000) (1024K)]
  0x0000025f8ad204b0 ConcurrentGCThread "G1 Service"                [id=3852, stack(0x000000b642500000,0x000000b642600000) (1024K)]
Total: 10

Threads with active compile tasks:
C2 CompilerThread0     8521 6168       4       com.sun.tools.javac.code.Types::implementation (13 bytes)
C2 CompilerThread1     8521 6167       4       com.sun.tools.javac.code.Symbol$MethodSymbol::implementation (57 bytes)
Total: 2

VM state: not at safepoint (normal execution)

VM Mutex/Monitor currently owned by a thread: None

Heap address: 0x00000000c2e00000, size: 978 MB, Compressed Oops mode: 32-bit

CDS archive(s) mapped at: [0x0000025fa6000000-0x0000025fa6c90000-0x0000025fa6c90000), size 13172736, SharedBaseAddress: 0x0000025fa6000000, ArchiveRelocationMode: 1.
Compressed class space mapped at: 0x0000025fa7000000-0x0000025fe7000000, reserved size: 1073741824
Narrow klass base: 0x0000025fa6000000, Narrow klass shift: 0, Narrow klass range: 0x100000000

GC Precious Log:
 CardTable entry size: 512
 Card Set container configuration: InlinePtr #cards 5 size 8 Array Of Cards #cards 12 size 40 Howl #buckets 4 coarsen threshold 1843 Howl Bitmap #cards 512 size 80 coarsen threshold 460 Card regions per heap region 1 cards per card region 2048
 CPUs: 4 total, 4 available
 Memory: 3911M
 Large Page Support: Disabled
 NUMA Support: Disabled
 Compressed Oops: Enabled (32-bit)
 Heap Region Size: 1M
 Heap Min Capacity: 8M
 Heap Initial Capacity: 62M
 Heap Max Capacity: 978M
 Pre-touch: Disabled
 Parallel Workers: 4
 Concurrent Workers: 1
 Concurrent Refinement Workers: 4
 Periodic GC: Disabled

Heap:
 garbage-first heap   total 54272K, used 23908K [0x00000000c2e00000, 0x0000000100000000)
  region size 1024K, 5 young (5120K), 3 survivors (3072K)
 Metaspace       used 28459K, committed 28800K, reserved 1114112K
  class space    used 3238K, committed 3392K, reserved 1048576K

Heap Regions: E=young(eden), S=young(survivor), O=old, HS=humongous(starts), HC=humongous(continues), CS=collection set, F=free, TAMS=top-at-mark-start, PB=parsable bottom
|   0|0x00000000c2e00000, 0x00000000c2f00000, 0x00000000c2f00000|100%| O|  |TAMS 0x00000000c2e00000| PB 0x00000000c2e00000| Untracked 
|   1|0x00000000c2f00000, 0x00000000c3000000, 0x00000000c3000000|100%| O|  |TAMS 0x00000000c2f00000| PB 0x00000000c2f00000| Untracked 
|   2|0x00000000c3000000, 0x00000000c3100000, 0x00000000c3100000|100%| O|  |TAMS 0x00000000c3000000| PB 0x00000000c3000000| Untracked 
|   3|0x00000000c3100000, 0x00000000c3200000, 0x00000000c3200000|100%| O|  |TAMS 0x00000000c3100000| PB 0x00000000c3100000| Untracked 
|   4|0x00000000c3200000, 0x00000000c3300000, 0x00000000c3300000|100%| O|  |TAMS 0x00000000c3200000| PB 0x00000000c3200000| Untracked 
|   5|0x00000000c3300000, 0x00000000c3400000, 0x00000000c3400000|100%| O|  |TAMS 0x00000000c3300000| PB 0x00000000c3300000| Untracked 
|   6|0x00000000c3400000, 0x00000000c3500000, 0x00000000c3500000|100%| O|  |TAMS 0x00000000c3400000| PB 0x00000000c3400000| Untracked 
|   7|0x00000000c3500000, 0x00000000c3600000, 0x00000000c3600000|100%| O|  |TAMS 0x00000000c3500000| PB 0x00000000c3500000| Untracked 
|   8|0x00000000c3600000, 0x00000000c3700000, 0x00000000c3700000|100%| O|  |TAMS 0x00000000c3600000| PB 0x00000000c3600000| Untracked 
|   9|0x00000000c3700000, 0x00000000c3800000, 0x00000000c3800000|100%| O|  |TAMS 0x00000000c3700000| PB 0x00000000c3700000| Untracked 
|  10|0x00000000c3800000, 0x00000000c3900000, 0x00000000c3900000|100%| O|  |TAMS 0x00000000c3800000| PB 0x00000000c3800000| Untracked 
|  11|0x00000000c3900000, 0x00000000c3a00000, 0x00000000c3a00000|100%| O|  |TAMS 0x00000000c3900000| PB 0x00000000c3900000| Untracked 
|  12|0x00000000c3a00000, 0x00000000c3b00000, 0x00000000c3b00000|100%| O|  |TAMS 0x00000000c3a00000| PB 0x00000000c3a00000| Untracked 
|  13|0x00000000c3b00000, 0x00000000c3c00000, 0x00000000c3c00000|100%|HS|  |TAMS 0x00000000c3b00000| PB 0x00000000c3b00000| Complete 
|  14|0x00000000c3c00000, 0x00000000c3d00000, 0x00000000c3d00000|100%| O|  |TAMS 0x00000000c3c00000| PB 0x00000000c3c00000| Untracked 
|  15|0x00000000c3d00000, 0x00000000c3e00000, 0x00000000c3e00000|100%| O|  |TAMS 0x00000000c3d00000| PB 0x00000000c3d00000| Untracked 
|  16|0x00000000c3e00000, 0x00000000c3e00000, 0x00000000c3f00000|  0%| F|  |TAMS 0x00000000c3e00000| PB 0x00000000c3e00000| Untracked 
|  17|0x00000000c3f00000, 0x00000000c3f00000, 0x00000000c4000000|  0%| F|  |TAMS 0x00000000c3f00000| PB 0x00000000c3f00000| Untracked 
|  18|0x00000000c4000000, 0x00000000c4100000, 0x00000000c4100000|100%| O|  |TAMS 0x00000000c4000000| PB 0x00000000c4000000| Untracked 
|  19|0x00000000c4100000, 0x00000000c4200000, 0x00000000c4200000|100%| O|  |TAMS 0x00000000c4100000| PB 0x00000000c4100000| Untracked 
|  20|0x00000000c4200000, 0x00000000c4300000, 0x00000000c4300000|100%| O|  |TAMS 0x00000000c4200000| PB 0x00000000c4200000| Untracked 
|  21|0x00000000c4300000, 0x00000000c4400000, 0x00000000c4400000|100%| O|Cm|TAMS 0x00000000c4300000| PB 0x00000000c4300000| Complete 
|  22|0x00000000c4400000, 0x00000000c4400000, 0x00000000c4500000|  0%| F|  |TAMS 0x00000000c4400000| PB 0x00000000c4400000| Untracked 
|  23|0x00000000c4500000, 0x00000000c4500000, 0x00000000c4600000|  0%| F|  |TAMS 0x00000000c4500000| PB 0x00000000c4500000| Untracked 
|  24|0x00000000c4600000, 0x00000000c4659380, 0x00000000c4700000| 34%| S|CS|TAMS 0x00000000c4600000| PB 0x00000000c4600000| Complete 
|  25|0x00000000c4700000, 0x00000000c4800000, 0x00000000c4800000|100%| S|CS|TAMS 0x00000000c4700000| PB 0x00000000c4700000| Complete 
|  26|0x00000000c4800000, 0x00000000c4800000, 0x00000000c4900000|  0%| F|  |TAMS 0x00000000c4800000| PB 0x00000000c4800000| Untracked 
|  27|0x00000000c4900000, 0x00000000c4900000, 0x00000000c4a00000|  0%| F|  |TAMS 0x00000000c4900000| PB 0x00000000c4900000| Untracked 
|  28|0x00000000c4a00000, 0x00000000c4b00000, 0x00000000c4b00000|100%| S|CS|TAMS 0x00000000c4a00000| PB 0x00000000c4a00000| Complete 
|  29|0x00000000c4b00000, 0x00000000c4b00000, 0x00000000c4c00000|  0%| F|  |TAMS 0x00000000c4b00000| PB 0x00000000c4b00000| Untracked 
|  30|0x00000000c4c00000, 0x00000000c4c00000, 0x00000000c4d00000|  0%| F|  |TAMS 0x00000000c4c00000| PB 0x00000000c4c00000| Untracked 
|  31|0x00000000c4d00000, 0x00000000c4d00000, 0x00000000c4e00000|  0%| F|  |TAMS 0x00000000c4d00000| PB 0x00000000c4d00000| Untracked 
|  32|0x00000000c4e00000, 0x00000000c4e00000, 0x00000000c4f00000|  0%| F|  |TAMS 0x00000000c4e00000| PB 0x00000000c4e00000| Untracked 
|  33|0x00000000c4f00000, 0x00000000c4f00000, 0x00000000c5000000|  0%| F|  |TAMS 0x00000000c4f00000| PB 0x00000000c4f00000| Untracked 
|  34|0x00000000c5000000, 0x00000000c5000000, 0x00000000c5100000|  0%| F|  |TAMS 0x00000000c5000000| PB 0x00000000c5000000| Untracked 
|  35|0x00000000c5100000, 0x00000000c5100000, 0x00000000c5200000|  0%| F|  |TAMS 0x00000000c5100000| PB 0x00000000c5100000| Untracked 
|  36|0x00000000c5200000, 0x00000000c5200000, 0x00000000c5300000|  0%| F|  |TAMS 0x00000000c5200000| PB 0x00000000c5200000| Untracked 
|  37|0x00000000c5300000, 0x00000000c5300000, 0x00000000c5400000|  0%| F|  |TAMS 0x00000000c5300000| PB 0x00000000c5300000| Untracked 
|  38|0x00000000c5400000, 0x00000000c5400000, 0x00000000c5500000|  0%| F|  |TAMS 0x00000000c5400000| PB 0x00000000c5400000| Untracked 
|  39|0x00000000c5500000, 0x00000000c5500000, 0x00000000c5600000|  0%| F|  |TAMS 0x00000000c5500000| PB 0x00000000c5500000| Untracked 
|  40|0x00000000c5600000, 0x00000000c5600000, 0x00000000c5700000|  0%| F|  |TAMS 0x00000000c5600000| PB 0x00000000c5600000| Untracked 
|  41|0x00000000c5700000, 0x00000000c5700000, 0x00000000c5800000|  0%| F|  |TAMS 0x00000000c5700000| PB 0x00000000c5700000| Untracked 
|  42|0x00000000c5800000, 0x00000000c5800000, 0x00000000c5900000|  0%| F|  |TAMS 0x00000000c5800000| PB 0x00000000c5800000| Untracked 
|  43|0x00000000c5900000, 0x00000000c5900000, 0x00000000c5a00000|  0%| F|  |TAMS 0x00000000c5900000| PB 0x00000000c5900000| Untracked 
|  44|0x00000000c5a00000, 0x00000000c5a00000, 0x00000000c5b00000|  0%| F|  |TAMS 0x00000000c5a00000| PB 0x00000000c5a00000| Untracked 
|  45|0x00000000c5b00000, 0x00000000c5b00000, 0x00000000c5c00000|  0%| F|  |TAMS 0x00000000c5b00000| PB 0x00000000c5b00000| Untracked 
|  46|0x00000000c5c00000, 0x00000000c5c00000, 0x00000000c5d00000|  0%| F|  |TAMS 0x00000000c5c00000| PB 0x00000000c5c00000| Untracked 
|  47|0x00000000c5d00000, 0x00000000c5d00000, 0x00000000c5e00000|  0%| F|  |TAMS 0x00000000c5d00000| PB 0x00000000c5d00000| Untracked 
|  48|0x00000000c5e00000, 0x00000000c5e00000, 0x00000000c5f00000|  0%| F|  |TAMS 0x00000000c5e00000| PB 0x00000000c5e00000| Untracked 
|  49|0x00000000c5f00000, 0x00000000c5f00000, 0x00000000c6000000|  0%| F|  |TAMS 0x00000000c5f00000| PB 0x00000000c5f00000| Untracked 
|  50|0x00000000c6000000, 0x00000000c6000000, 0x00000000c6100000|  0%| F|  |TAMS 0x00000000c6000000| PB 0x00000000c6000000| Untracked 
|  51|0x00000000c6100000, 0x00000000c61e2748, 0x00000000c6200000| 88%| E|  |TAMS 0x00000000c6100000| PB 0x00000000c6100000| Complete 
|  61|0x00000000c6b00000, 0x00000000c6c00000, 0x00000000c6c00000|100%| E|CS|TAMS 0x00000000c6b00000| PB 0x00000000c6b00000| Complete 

Card table byte_map: [0x0000025fa2300000,0x0000025fa24f0000] _byte_map_base: 0x0000025fa1ce9000

Marking Bits: (CMBitMap*) 0x0000025f8acc4040
 Bits: [0x0000025fa24f0000, 0x0000025fa3438000)

Polling page: 0x0000025f88b40000

Metaspace:

Usage:
  Non-class:     24.63 MB used.
      Class:      3.16 MB used.
       Both:     27.79 MB used.

Virtual space:
  Non-class space:       64.00 MB reserved,      24.81 MB ( 39%) committed,  1 nodes.
      Class space:        1.00 GB reserved,       3.31 MB ( <1%) committed,  1 nodes.
             Both:        1.06 GB reserved,      28.12 MB (  3%) committed. 

Chunk freelists:
   Non-Class:  7.13 MB
       Class:  12.65 MB
        Both:  19.79 MB

MaxMetaspaceSize: unlimited
CompressedClassSpaceSize: 1.00 GB
Initial GC threshold: 21.00 MB
Current GC threshold: 46.38 MB
CDS: on
 - commit_granule_bytes: 65536.
 - commit_granule_words: 8192.
 - virtual_space_node_default_size: 8388608.
 - enlarge_chunks_in_place: 1.
 - use_allocation_guard: 0.


Internal statistics:

num_allocs_failed_limit: 3.
num_arena_births: 326.
num_arena_deaths: 0.
num_vsnodes_births: 2.
num_vsnodes_deaths: 0.
num_space_committed: 450.
num_space_uncommitted: 0.
num_chunks_returned_to_freelist: 3.
num_chunks_taken_from_freelist: 1305.
num_chunk_merges: 3.
num_chunk_splits: 944.
num_chunks_enlarged: 746.
num_inconsistent_stats: 0.

CodeHeap 'non-profiled nmethods': size=120000Kb used=2725Kb max_used=2993Kb free=117274Kb
 bounds [0x0000025f9abe0000, 0x0000025f9aee0000, 0x0000025fa2110000]
CodeHeap 'profiled nmethods': size=120000Kb used=13130Kb max_used=14576Kb free=106869Kb
 bounds [0x0000025f93110000, 0x0000025f93f50000, 0x0000025f9a640000]
CodeHeap 'non-nmethods': size=5760Kb used=1448Kb max_used=1495Kb free=4311Kb
 bounds [0x0000025f9a640000, 0x0000025f9a8b0000, 0x0000025f9abe0000]
 total_blobs=6277 nmethods=5746 adapters=436
 compilation: enabled
              stopped_count=0, restarted_count=0
 full_count=0

Compilation events (20 events):
Event: 8.356 Thread 0x0000025fa590f070 6310       3       org.eclipse.sisu.inject.MildKeys::get (14 bytes)
Event: 8.356 Thread 0x0000025fa590f070 nmethod 6310 0x0000025f931a6410 code [0x0000025f931a6600, 0x0000025f931a6aa0]
Event: 8.362 Thread 0x0000025fa590f070 6311       3       java.lang.NamedPackage::<init> (59 bytes)
Event: 8.363 Thread 0x0000025fa590f070 nmethod 6311 0x0000025f931f8310 code [0x0000025f931f85a0, 0x0000025f931f8fe8]
Event: 8.374 Thread 0x0000025fa590f070 6312       3       java.lang.StringBuffer::<init> (7 bytes)
Event: 8.374 Thread 0x0000025fa590f070 nmethod 6312 0x0000025f93188910 code [0x0000025f93188ac0, 0x0000025f93188c00]
Event: 8.375 Thread 0x0000025fa590f070 6313       3       java.lang.ProcessEnvironment$CheckedEntrySet$1::hasNext (10 bytes)
Event: 8.375 Thread 0x0000025fa590f070 nmethod 6313 0x0000025f93146710 code [0x0000025f931468c0, 0x0000025f93146a98]
Event: 8.375 Thread 0x0000025fa590f070 6316       3       java.lang.ProcessEnvironment$NameComparator::compare (90 bytes)
Event: 8.377 Thread 0x0000025fa590f070 nmethod 6316 0x0000025f9312a890 code [0x0000025f9312aba0, 0x0000025f9312bdf0]
Event: 8.377 Thread 0x0000025fa590f070 6314       3       java.lang.ProcessEnvironment$CheckedEntry::getKey (5 bytes)
Event: 8.377 Thread 0x0000025fa590f070 nmethod 6314 0x0000025f93152210 code [0x0000025f931523e0, 0x0000025f93152708]
Event: 8.377 Thread 0x0000025fa590f070 6315       3       java.lang.ProcessEnvironment$CheckedEntry::getKey (13 bytes)
Event: 8.377 Thread 0x0000025fa590f070 nmethod 6315 0x0000025f93161710 code [0x0000025f931618c0, 0x0000025f93161b88]
Event: 8.377 Thread 0x0000025fa590f070 6318       3       java.lang.ProcessEnvironment$EntryComparator::compare (13 bytes)
Event: 8.377 Thread 0x0000025fa590f070 nmethod 6318 0x0000025f93297a10 code [0x0000025f93297c20, 0x0000025f93298378]
Event: 8.377 Thread 0x0000025fa590f070 6319       3       java.lang.ProcessEnvironment$EntryComparator::compare (25 bytes)
Event: 8.378 Thread 0x0000025fa590f070 nmethod 6319 0x0000025f931d0e90 code [0x0000025f931d1080, 0x0000025f931d1560]
Event: 8.395 Thread 0x0000025fa590f070 6323       1       java.util.logging.Logger::getName (5 bytes)
Event: 8.396 Thread 0x0000025fa590f070 nmethod 6323 0x0000025f9ac71c10 code [0x0000025f9ac71da0, 0x0000025f9ac71e68]

GC Heap History (18 events):
Event: 0.883 GC heap before
{Heap before GC invocations=0 (full 0):
 garbage-first heap   total 63488K, used 13312K [0x00000000c2e00000, 0x0000000100000000)
  region size 1024K, 13 young (13312K), 0 survivors (0K)
 Metaspace       used 3983K, committed 4160K, reserved 1114112K
  class space    used 414K, committed 512K, reserved 1048576K
}
Event: 0.890 GC heap after
{Heap after GC invocations=1 (full 0):
 garbage-first heap   total 63488K, used 3328K [0x00000000c2e00000, 0x0000000100000000)
  region size 1024K, 2 young (2048K), 2 survivors (2048K)
 Metaspace       used 3983K, committed 4160K, reserved 1114112K
  class space    used 414K, committed 512K, reserved 1048576K
}
Event: 1.284 GC heap before
{Heap before GC invocations=1 (full 0):
 garbage-first heap   total 63488K, used 17664K [0x00000000c2e00000, 0x0000000100000000)
  region size 1024K, 16 young (16384K), 2 survivors (2048K)
 Metaspace       used 6111K, committed 6336K, reserved 1114112K
  class space    used 706K, committed 832K, reserved 1048576K
}
Event: 1.290 GC heap after
{Heap after GC invocations=2 (full 0):
 garbage-first heap   total 63488K, used 4172K [0x00000000c2e00000, 0x0000000100000000)
  region size 1024K, 1 young (1024K), 1 survivors (1024K)
 Metaspace       used 6111K, committed 6336K, reserved 1114112K
  class space    used 706K, committed 832K, reserved 1048576K
}
Event: 2.651 GC heap before
{Heap before GC invocations=2 (full 0):
 garbage-first heap   total 63488K, used 41036K [0x00000000c2e00000, 0x0000000100000000)
  region size 1024K, 37 young (37888K), 1 survivors (1024K)
 Metaspace       used 12514K, committed 12736K, reserved 1114112K
  class space    used 1521K, committed 1600K, reserved 1048576K
}
Event: 2.659 GC heap after
{Heap after GC invocations=3 (full 0):
 garbage-first heap   total 63488K, used 6716K [0x00000000c2e00000, 0x0000000100000000)
  region size 1024K, 4 young (4096K), 4 survivors (4096K)
 Metaspace       used 12514K, committed 12736K, reserved 1114112K
  class space    used 1521K, committed 1600K, reserved 1048576K
}
Event: 3.987 GC heap before
{Heap before GC invocations=3 (full 0):
 garbage-first heap   total 63488K, used 40508K [0x00000000c2e00000, 0x0000000100000000)
  region size 1024K, 37 young (37888K), 4 survivors (4096K)
 Metaspace       used 16649K, committed 16896K, reserved 1114112K
  class space    used 1957K, committed 2048K, reserved 1048576K
}
Event: 3.999 GC heap after
{Heap after GC invocations=4 (full 0):
 garbage-first heap   total 63488K, used 9727K [0x00000000c2e00000, 0x0000000100000000)
  region size 1024K, 3 young (3072K), 3 survivors (3072K)
 Metaspace       used 16649K, committed 16896K, reserved 1114112K
  class space    used 1957K, committed 2048K, reserved 1048576K
}
Event: 4.767 GC heap before
{Heap before GC invocations=4 (full 0):
 garbage-first heap   total 63488K, used 23039K [0x00000000c2e00000, 0x0000000100000000)
  region size 1024K, 17 young (17408K), 3 survivors (3072K)
 Metaspace       used 21166K, committed 21504K, reserved 1114112K
  class space    used 2512K, committed 2688K, reserved 1048576K
}
Event: 4.776 GC heap after
{Heap after GC invocations=5 (full 0):
 garbage-first heap   total 63488K, used 11553K [0x00000000c2e00000, 0x0000000100000000)
  region size 1024K, 2 young (2048K), 2 survivors (2048K)
 Metaspace       used 21166K, committed 21504K, reserved 1114112K
  class space    used 2512K, committed 2688K, reserved 1048576K
}
Event: 5.769 GC heap before
{Heap before GC invocations=6 (full 0):
 garbage-first heap   total 45056K, used 36129K [0x00000000c2e00000, 0x0000000100000000)
  region size 1024K, 26 young (26624K), 2 survivors (2048K)
 Metaspace       used 25499K, committed 25920K, reserved 1114112K
  class space    used 2960K, committed 3136K, reserved 1048576K
}
Event: 5.785 GC heap after
{Heap after GC invocations=7 (full 0):
 garbage-first heap   total 45056K, used 16355K [0x00000000c2e00000, 0x0000000100000000)
  region size 1024K, 4 young (4096K), 4 survivors (4096K)
 Metaspace       used 25499K, committed 25920K, reserved 1114112K
  class space    used 2960K, committed 3136K, reserved 1048576K
}
Event: 6.436 GC heap before
{Heap before GC invocations=7 (full 0):
 garbage-first heap   total 45056K, used 35811K [0x00000000c2e00000, 0x0000000100000000)
  region size 1024K, 22 young (22528K), 4 survivors (4096K)
 Metaspace       used 26804K, committed 27136K, reserved 1114112K
  class space    used 3094K, committed 3264K, reserved 1048576K
}
Event: 6.452 GC heap after
{Heap after GC invocations=8 (full 0):
 garbage-first heap   total 45056K, used 20286K [0x00000000c2e00000, 0x0000000100000000)
  region size 1024K, 3 young (3072K), 3 survivors (3072K)
 Metaspace       used 26804K, committed 27136K, reserved 1114112K
  class space    used 3094K, committed 3264K, reserved 1048576K
}
Event: 7.326 GC heap before
{Heap before GC invocations=8 (full 0):
 garbage-first heap   total 45056K, used 36670K [0x00000000c2e00000, 0x0000000100000000)
  region size 1024K, 19 young (19456K), 3 survivors (3072K)
 Metaspace       used 27626K, committed 28032K, reserved 1114112K
  class space    used 3165K, committed 3328K, reserved 1048576K
}
Event: 7.335 GC heap after
{Heap after GC invocations=9 (full 0):
 garbage-first heap   total 45056K, used 22089K [0x00000000c2e00000, 0x0000000100000000)
  region size 1024K, 2 young (2048K), 2 survivors (2048K)
 Metaspace       used 27626K, committed 28032K, reserved 1114112K
  class space    used 3165K, committed 3328K, reserved 1048576K
}
Event: 8.175 GC heap before
{Heap before GC invocations=9 (full 0):
 garbage-first heap   total 45056K, used 37449K [0x00000000c2e00000, 0x0000000100000000)
  region size 1024K, 17 young (17408K), 2 survivors (2048K)
 Metaspace       used 28079K, committed 28480K, reserved 1114112K
  class space    used 3195K, committed 3392K, reserved 1048576K
}
Event: 8.182 GC heap after
{Heap after GC invocations=10 (full 0):
 garbage-first heap   total 54272K, used 22884K [0x00000000c2e00000, 0x0000000100000000)
  region size 1024K, 3 young (3072K), 3 survivors (3072K)
 Metaspace       used 28079K, committed 28480K, reserved 1114112K
  class space    used 3195K, committed 3392K, reserved 1048576K
}

Dll operation events (8 events):
Event: 0.023 Loaded shared library C:\Program Files\Java\jdk-21\bin\java.dll
Event: 0.151 Loaded shared library C:\Program Files\Java\jdk-21\bin\jsvml.dll
Event: 0.214 Loaded shared library C:\Program Files\Java\jdk-21\bin\net.dll
Event: 0.218 Loaded shared library C:\Program Files\Java\jdk-21\bin\nio.dll
Event: 0.224 Loaded shared library C:\Program Files\Java\jdk-21\bin\zip.dll
Event: 0.484 Loaded shared library C:\Program Files\Java\jdk-21\bin\jimage.dll
Event: 0.493 Loaded shared library C:\Program Files\NetBeans-19\netbeans\java\maven\lib\jansi-native\Windows\x86_64\jansi.dll
Event: 0.507 Loaded shared library C:\Program Files\Java\jdk-21\bin\verify.dll

Deoptimization events (20 events):
Event: 8.135 Thread 0x0000025f88b7bee0 DEOPT PACKING pc=0x0000025f9adb5e84 sp=0x000000b6420fd3e0
Event: 8.135 Thread 0x0000025f88b7bee0 DEOPT UNPACKING pc=0x0000025f9a69469c sp=0x000000b6420fd370 mode 2
Event: 8.140 Thread 0x0000025f88b7bee0 DEOPT PACKING pc=0x0000025f9319a7c1 sp=0x000000b6420fcec0
Event: 8.140 Thread 0x0000025f88b7bee0 DEOPT UNPACKING pc=0x0000025f9a694e23 sp=0x000000b6420fc3c0 mode 0
Event: 8.375 Thread 0x0000025f88b7bee0 Uncommon trap: trap_request=0xffffffbe fr.pc=0x0000025f9ad33b7c relative=0x000000000000105c
Event: 8.375 Thread 0x0000025f88b7bee0 Uncommon trap: reason=profile_predicate action=maybe_recompile pc=0x0000025f9ad33b7c method=java.util.TimSort.binarySort([Ljava/lang/Object;IIILjava/util/Comparator;)V @ 34 c2
Event: 8.375 Thread 0x0000025f88b7bee0 DEOPT PACKING pc=0x0000025f9ad33b7c sp=0x000000b6420fd8f0
Event: 8.375 Thread 0x0000025f88b7bee0 DEOPT UNPACKING pc=0x0000025f9a69469c sp=0x000000b6420fd8c0 mode 2
Event: 8.375 Thread 0x0000025f88b7bee0 Uncommon trap: trap_request=0xffffffbe fr.pc=0x0000025f9ad33b7c relative=0x000000000000105c
Event: 8.375 Thread 0x0000025f88b7bee0 Uncommon trap: reason=profile_predicate action=maybe_recompile pc=0x0000025f9ad33b7c method=java.util.TimSort.binarySort([Ljava/lang/Object;IIILjava/util/Comparator;)V @ 34 c2
Event: 8.375 Thread 0x0000025f88b7bee0 DEOPT PACKING pc=0x0000025f9ad33b7c sp=0x000000b6420fd8f0
Event: 8.375 Thread 0x0000025f88b7bee0 DEOPT UNPACKING pc=0x0000025f9a69469c sp=0x000000b6420fd8c0 mode 2
Event: 8.375 Thread 0x0000025f88b7bee0 Uncommon trap: trap_request=0xffffffbe fr.pc=0x0000025f9ad33b7c relative=0x000000000000105c
Event: 8.375 Thread 0x0000025f88b7bee0 Uncommon trap: reason=profile_predicate action=maybe_recompile pc=0x0000025f9ad33b7c method=java.util.TimSort.binarySort([Ljava/lang/Object;IIILjava/util/Comparator;)V @ 34 c2
Event: 8.375 Thread 0x0000025f88b7bee0 DEOPT PACKING pc=0x0000025f9ad33b7c sp=0x000000b6420fd8f0
Event: 8.375 Thread 0x0000025f88b7bee0 DEOPT UNPACKING pc=0x0000025f9a69469c sp=0x000000b6420fd8c0 mode 2
Event: 8.375 Thread 0x0000025f88b7bee0 Uncommon trap: trap_request=0xffffffbe fr.pc=0x0000025f9ad33b7c relative=0x000000000000105c
Event: 8.375 Thread 0x0000025f88b7bee0 Uncommon trap: reason=profile_predicate action=maybe_recompile pc=0x0000025f9ad33b7c method=java.util.TimSort.binarySort([Ljava/lang/Object;IIILjava/util/Comparator;)V @ 34 c2
Event: 8.375 Thread 0x0000025f88b7bee0 DEOPT PACKING pc=0x0000025f9ad33b7c sp=0x000000b6420fd8f0
Event: 8.376 Thread 0x0000025f88b7bee0 DEOPT UNPACKING pc=0x0000025f9a69469c sp=0x000000b6420fd8c0 mode 2

Classes loaded (20 events):
Event: 8.392 Loading class jdk/internal/logger/LazyLoggers
Event: 8.393 Loading class jdk/internal/logger/LazyLoggers done
Event: 8.393 Loading class jdk/internal/logger/LazyLoggers$1
Event: 8.393 Loading class jdk/internal/logger/LazyLoggers$1 done
Event: 8.393 Loading class jdk/internal/logger/LazyLoggers$LazyLoggerFactories
Event: 8.393 Loading class jdk/internal/logger/LazyLoggers$LazyLoggerFactories done
Event: 8.394 Loading class jdk/internal/logger/LoggerFinderLoader
Event: 8.394 Loading class jdk/internal/logger/LoggerFinderLoader done
Event: 8.395 Loading class jdk/internal/logger/LoggerFinderLoader$TemporaryLoggerFinder
Event: 8.395 Loading class jdk/internal/logger/LoggerFinderLoader$TemporaryLoggerFinder done
Event: 8.395 Loading class sun/util/logging/internal/LoggingProviderImpl$JULWrapper
Event: 8.396 Loading class sun/util/logging/PlatformLogger$ConfigurableBridge$LoggerConfiguration
Event: 8.396 Loading class sun/util/logging/PlatformLogger$ConfigurableBridge$LoggerConfiguration done
Event: 8.396 Loading class sun/util/logging/internal/LoggingProviderImpl$JULWrapper done
Event: 8.396 Loading class java/lang/System$Logger$Level
Event: 8.396 Loading class java/lang/System$Logger$Level done
Event: 8.397 Loading class java/io/PipedOutputStream
Event: 8.397 Loading class java/io/PipedOutputStream done
Event: 8.414 Loading class jdk/internal/event/ThreadSleepEvent
Event: 8.414 Loading class jdk/internal/event/ThreadSleepEvent done

Classes unloaded (0 events):
No events

Classes redefined (0 events):
No events

Internal exceptions (20 events):
Event: 7.623 Thread 0x0000025f88b7bee0 Exception <a 'sun/nio/fs/WindowsException'{0x00000000c55b81e8}> (0x00000000c55b81e8) 
thrown [s\open\src\hotspot\share\prims\jni.cpp, line 520]
Event: 7.625 Thread 0x0000025f88b7bee0 Exception <a 'sun/nio/fs/WindowsException'{0x00000000c55bd9f0}> (0x00000000c55bd9f0) 
thrown [s\open\src\hotspot\share\prims\jni.cpp, line 520]
Event: 7.628 Thread 0x0000025f88b7bee0 Exception <a 'sun/nio/fs/WindowsException'{0x00000000c55c31f8}> (0x00000000c55c31f8) 
thrown [s\open\src\hotspot\share\prims\jni.cpp, line 520]
Event: 7.633 Thread 0x0000025f88b7bee0 Exception <a 'sun/nio/fs/WindowsException'{0x00000000c55c8350}> (0x00000000c55c8350) 
thrown [s\open\src\hotspot\share\prims\jni.cpp, line 520]
Event: 7.645 Thread 0x0000025f88b7bee0 Exception <a 'sun/nio/fs/WindowsException'{0x00000000c55f7b58}> (0x00000000c55f7b58) 
thrown [s\open\src\hotspot\share\prims\jni.cpp, line 520]
Event: 7.655 Thread 0x0000025f88b7bee0 Exception <a 'sun/nio/fs/WindowsException'{0x00000000c540a008}> (0x00000000c540a008) 
thrown [s\open\src\hotspot\share\prims\jni.cpp, line 520]
Event: 7.821 Thread 0x0000025f88b7bee0 Exception <a 'sun/nio/fs/WindowsException'{0x00000000c501d1c8}> (0x00000000c501d1c8) 
thrown [s\open\src\hotspot\share\prims\jni.cpp, line 520]
Event: 7.853 Thread 0x0000025f88b7bee0 Exception <a 'sun/nio/fs/WindowsException'{0x00000000c50228c8}> (0x00000000c50228c8) 
thrown [s\open\src\hotspot\share\prims\jni.cpp, line 520]
Event: 7.858 Thread 0x0000025f88b7bee0 Exception <a 'sun/nio/fs/WindowsException'{0x00000000c5027f88}> (0x00000000c5027f88) 
thrown [s\open\src\hotspot\share\prims\jni.cpp, line 520]
Event: 7.865 Thread 0x0000025f88b7bee0 Exception <a 'sun/nio/fs/WindowsException'{0x00000000c502f0b0}> (0x00000000c502f0b0) 
thrown [s\open\src\hotspot\share\prims\jni.cpp, line 520]
Event: 7.884 Thread 0x0000025f88b7bee0 Exception <a 'sun/nio/fs/WindowsException'{0x00000000c505a678}> (0x00000000c505a678) 
thrown [s\open\src\hotspot\share\prims\jni.cpp, line 520]
Event: 8.006 Thread 0x0000025f88b7bee0 Exception <a 'java/lang/NoSuchMethodError'{0x00000000c4fe08c0}: 'java.lang.Object java.lang.invoke.DirectMethodHandle$Holder.invokeStatic(java.lang.Object, int, java.lang.Object, java.lang.Object)'> (0x00000000c4fe08c0) 
thrown [s\open\src\hotspot\share\interpreter\linkResolver.cpp, line 773]
Event: 8.007 Thread 0x0000025f88b7bee0 Exception <a 'java/lang/NoSuchMethodError'{0x00000000c4fe4f18}: 'java.lang.Object java.lang.invoke.DirectMethodHandle$Holder.invokeSpecial(java.lang.Object, java.lang.Object, int, java.lang.Object, java.lang.Object)'> (0x00000000c4fe4f18) 
thrown [s\open\src\hotspot\share\interpreter\linkResolver.cpp, line 773]
Event: 8.008 Thread 0x0000025f88b7bee0 Exception <a 'java/lang/NoSuchMethodError'{0x00000000c4fe9098}: 'java.lang.Object java.lang.invoke.DelegatingMethodHandle$Holder.delegate(java.lang.Object, int, java.lang.Object, java.lang.Object)'> (0x00000000c4fe9098) 
thrown [s\open\src\hotspot\share\interpreter\linkResolver.cpp, line 773]
Event: 8.014 Thread 0x0000025f88b7bee0 Exception <a 'java/lang/NoSuchMethodError'{0x00000000c4ff8c10}: 'int java.lang.invoke.Invokers$Holder.linkToTargetMethod(java.lang.Object, java.lang.Object, java.lang.Object)'> (0x00000000c4ff8c10) 
thrown [s\open\src\hotspot\share\interpreter\linkResolver.cpp, line 773]
Event: 8.022 Thread 0x0000025f88b7bee0 Exception <a 'sun/nio/fs/WindowsException'{0x00000000c4e0f000}> (0x00000000c4e0f000) 
thrown [s\open\src\hotspot\share\prims\jni.cpp, line 520]
Event: 8.384 Thread 0x0000025f88b7bee0 Exception <a 'java/lang/NoSuchMethodError'{0x00000000c61636f8}: 'void java.lang.invoke.DirectMethodHandle$Holder.invokeStatic(java.lang.Object, long)'> (0x00000000c61636f8) 
thrown [s\open\src\hotspot\share\interpreter\linkResolver.cpp, line 773]
Event: 8.386 Thread 0x0000025f88b7bee0 Exception <a 'java/lang/NoSuchMethodError'{0x00000000c6168480}: 'java.lang.Object java.lang.invoke.DirectMethodHandle$Holder.newInvokeSpecial(java.lang.Object, long)'> (0x00000000c6168480) 
thrown [s\open\src\hotspot\share\interpreter\linkResolver.cpp, line 773]
Event: 8.388 Thread 0x0000025f88b7bee0 Exception <a 'java/lang/NoSuchMethodError'{0x00000000c616ef90}: 'java.lang.Object java.lang.invoke.DirectMethodHandle$Holder.invokeStatic(java.lang.Object, long, java.lang.Object)'> (0x00000000c616ef90) 
thrown [s\open\src\hotspot\share\interpreter\linkResolver.cpp, line 773]
Event: 8.388 Thread 0x0000025f88b7bee0 Exception <a 'java/lang/NoSuchMethodError'{0x00000000c6172718}: 'java.lang.Object java.lang.invoke.DirectMethodHandle$Holder.invokeStaticInit(java.lang.Object, long, java.lang.Object)'> (0x00000000c6172718) 
thrown [s\open\src\hotspot\share\interpreter\linkResolver.cpp, line 773]

ZGC Phase Switch (0 events):
No events

VM Operations (20 events):
Event: 6.995 Executing VM operation: ICBufferFull
Event: 6.995 Executing VM operation: ICBufferFull done
Event: 7.326 Executing VM operation: G1CollectForAllocation (G1 Evacuation Pause)
Event: 7.335 Executing VM operation: G1CollectForAllocation (G1 Evacuation Pause) done
Event: 7.590 Executing VM operation: ICBufferFull
Event: 7.590 Executing VM operation: ICBufferFull done
Event: 7.784 Executing VM operation: HandshakeAllThreads (Deoptimize)
Event: 7.784 Executing VM operation: HandshakeAllThreads (Deoptimize) done
Event: 7.785 Executing VM operation: ICBufferFull
Event: 7.785 Executing VM operation: ICBufferFull done
Event: 8.073 Executing VM operation: ICBufferFull
Event: 8.073 Executing VM operation: ICBufferFull done
Event: 8.175 Executing VM operation: G1CollectForAllocation (G1 Evacuation Pause)
Event: 8.201 Executing VM operation: G1CollectForAllocation (G1 Evacuation Pause) done
Event: 8.231 Executing VM operation: G1PauseRemark
Event: 8.240 Executing VM operation: G1PauseRemark done
Event: 8.260 Executing VM operation: G1PauseCleanup
Event: 8.261 Executing VM operation: G1PauseCleanup done
Event: 8.392 Executing VM operation: HandshakeAllThreads (Deoptimize)
Event: 8.392 Executing VM operation: HandshakeAllThreads (Deoptimize) done

Events (20 events):
Event: 8.240 Thread 0x0000025f8ad45800 flushing nmethod 0x0000025f9ac29190
Event: 8.240 Thread 0x0000025f8ad45800 flushing nmethod 0x0000025f9ac27210
Event: 8.240 Thread 0x0000025f8ad45800 flushing nmethod 0x0000025f9ac1fb10
Event: 8.240 Thread 0x0000025f8ad45800 flushing nmethod 0x0000025f9ac1e390
Event: 8.240 Thread 0x0000025f8ad45800 flushing nmethod 0x0000025f9ac1dd10
Event: 8.240 Thread 0x0000025f8ad45800 flushing nmethod 0x0000025f9ac11d10
Event: 8.240 Thread 0x0000025f8ad45800 flushing nmethod 0x0000025f9ac10510
Event: 8.240 Thread 0x0000025f8ad45800 flushing nmethod 0x0000025f9ac0a010
Event: 8.240 Thread 0x0000025f8ad45800 flushing nmethod 0x0000025f9ac0d110
Event: 8.240 Thread 0x0000025f8ad45800 flushing nmethod 0x0000025f9ac06590
Event: 8.240 Thread 0x0000025f8ad45800 flushing nmethod 0x0000025f9ac03790
Event: 8.240 Thread 0x0000025f8ad45800 flushing nmethod 0x0000025f9abeda10
Event: 8.240 Thread 0x0000025f8ad45800 flushing nmethod 0x0000025f9abecf90
Event: 8.240 Thread 0x0000025f8ad45800 flushing nmethod 0x0000025f9abec890
Event: 8.240 Thread 0x0000025f8ad45800 flushing nmethod 0x0000025f9abeeb10
Event: 8.240 Thread 0x0000025f8ad45800 flushing nmethod 0x0000025f9abe8710
Event: 8.240 Thread 0x0000025f8ad45800 flushing nmethod 0x0000025f9abe4f90
Event: 8.398 Thread 0x0000025fec59c7b0 Thread added: 0x0000025fec59c7b0
Event: 8.398 Thread 0x0000025fed1a5270 Thread added: 0x0000025fed1a5270
Event: 8.398 Thread 0x0000025fed64ffe0 Thread added: 0x0000025fed64ffe0


Dynamic libraries:
0x00007ff7d3a30000 - 0x00007ff7d3a40000 	C:\Program Files\Java\jdk-21\bin\java.exe
0x00007ffeda3b0000 - 0x00007ffeda5a8000 	C:\Windows\SYSTEM32\ntdll.dll
0x00007ffed9180000 - 0x00007ffed923d000 	C:\Windows\System32\KERNEL32.DLL
0x00007ffed7a70000 - 0x00007ffed7d66000 	C:\Windows\System32\KERNELBASE.dll
0x00007ffed8090000 - 0x00007ffed8190000 	C:\Windows\System32\ucrtbase.dll
0x00007ffea9440000 - 0x00007ffea9459000 	C:\Program Files\Java\jdk-21\bin\jli.dll
0x00007ffed9b00000 - 0x00007ffed9bb0000 	C:\Windows\System32\ADVAPI32.dll
0x00007ffed8650000 - 0x00007ffed86ee000 	C:\Windows\System32\msvcrt.dll
0x00007ffed85a0000 - 0x00007ffed8640000 	C:\Windows\System32\sechost.dll
0x00007ffed9bb0000 - 0x00007ffed9cd3000 	C:\Windows\System32\RPCRT4.dll
0x00007ffed7d70000 - 0x00007ffed7d97000 	C:\Windows\System32\bcrypt.dll
0x00007ffed9820000 - 0x00007ffed99bf000 	C:\Windows\System32\USER32.dll
0x00007ffed7df0000 - 0x00007ffed7e12000 	C:\Windows\System32\win32u.dll
0x00007ffed90e0000 - 0x00007ffed910b000 	C:\Windows\System32\GDI32.dll
0x00007ffed8190000 - 0x00007ffed82a7000 	C:\Windows\System32\gdi32full.dll
0x00007ffed7e20000 - 0x00007ffed7ebd000 	C:\Windows\System32\msvcp_win.dll
0x00007ffeaefd0000 - 0x00007ffeaefeb000 	C:\Program Files\Java\jdk-21\bin\VCRUNTIME140.dll
0x00007ffeb1280000 - 0x00007ffeb151a000 	C:\Windows\WinSxS\amd64_microsoft.windows.common-controls_6595b64144ccf1df_6.0.19041.4355_none_60b8b9eb71f62e16\COMCTL32.dll
0x00007ffed1720000 - 0x00007ffed172a000 	C:\Windows\SYSTEM32\VERSION.dll
0x00007ffed8570000 - 0x00007ffed859f000 	C:\Windows\System32\IMM32.DLL
0x00007ffed0150000 - 0x00007ffed015c000 	C:\Program Files\Java\jdk-21\bin\vcruntime140_1.dll
0x00007ffea93b0000 - 0x00007ffea943e000 	C:\Program Files\Java\jdk-21\bin\msvcp140.dll
0x00007ffe8fd30000 - 0x00007ffe90a3d000 	C:\Program Files\Java\jdk-21\bin\server\jvm.dll
0x00007ffed9110000 - 0x00007ffed917b000 	C:\Windows\System32\WS2_32.dll
0x00007ffed75d0000 - 0x00007ffed761b000 	C:\Windows\SYSTEM32\POWRPROF.dll
0x00007ffeb1250000 - 0x00007ffeb1277000 	C:\Windows\SYSTEM32\WINMM.dll
0x00007ffed75b0000 - 0x00007ffed75c2000 	C:\Windows\SYSTEM32\UMPDC.dll
0x00007ffed6280000 - 0x00007ffed6292000 	C:\Windows\SYSTEM32\kernel.appcore.dll
0x00007ffea93a0000 - 0x00007ffea93aa000 	C:\Program Files\Java\jdk-21\bin\jimage.dll
0x00007ffed57d0000 - 0x00007ffed59b4000 	C:\Windows\SYSTEM32\DBGHELP.DLL
0x00007ffecf720000 - 0x00007ffecf754000 	C:\Windows\SYSTEM32\dbgcore.DLL
0x00007ffed82b0000 - 0x00007ffed8332000 	C:\Windows\System32\bcryptPrimitives.dll
0x00007ffea9380000 - 0x00007ffea939f000 	C:\Program Files\Java\jdk-21\bin\java.dll
0x00007ffed8900000 - 0x00007ffed906c000 	C:\Windows\System32\SHELL32.dll
0x00007ffed59c0000 - 0x00007ffed615d000 	C:\Windows\SYSTEM32\windows.storage.dll
0x00007ffed9ce0000 - 0x00007ffeda033000 	C:\Windows\System32\combase.dll
0x00007ffed7420000 - 0x00007ffed744e000 	C:\Windows\SYSTEM32\Wldp.dll
0x00007ffed84a0000 - 0x00007ffed856d000 	C:\Windows\System32\OLEAUT32.dll
0x00007ffed83f0000 - 0x00007ffed849d000 	C:\Windows\System32\SHCORE.dll
0x00007ffed88a0000 - 0x00007ffed88f5000 	C:\Windows\System32\shlwapi.dll
0x00007ffed79a0000 - 0x00007ffed79c4000 	C:\Windows\SYSTEM32\profapi.dll
0x00007ffea6ab0000 - 0x00007ffea6b87000 	C:\Program Files\Java\jdk-21\bin\jsvml.dll
0x00007ffea9340000 - 0x00007ffea9350000 	C:\Program Files\Java\jdk-21\bin\net.dll
0x00007ffecec00000 - 0x00007ffeced0a000 	C:\Windows\SYSTEM32\WINHTTP.dll
0x00007ffed7120000 - 0x00007ffed718a000 	C:\Windows\system32\mswsock.dll
0x00007ffea92f0000 - 0x00007ffea9306000 	C:\Program Files\Java\jdk-21\bin\nio.dll
0x00007ffea9350000 - 0x00007ffea9368000 	C:\Program Files\Java\jdk-21\bin\zip.dll
0x0000000069ac0000 - 0x0000000069ae4000 	C:\Program Files\NetBeans-19\netbeans\java\maven\lib\jansi-native\Windows\x86_64\jansi.dll
0x00007ffea6aa0000 - 0x00007ffea6ab0000 	C:\Program Files\Java\jdk-21\bin\verify.dll

dbghelp: loaded successfully - version: 4.0.5 - missing functions: none
symbol engine: initialized successfully - sym options: 0x614 - pdb path: .;C:\Program Files\Java\jdk-21\bin;C:\Windows\SYSTEM32;C:\Windows\WinSxS\amd64_microsoft.windows.common-controls_6595b64144ccf1df_6.0.19041.4355_none_60b8b9eb71f62e16;C:\Program Files\Java\jdk-21\bin\server;C:\Program Files\NetBeans-19\netbeans\java\maven\lib\jansi-native\Windows\x86_64

VM Arguments:
jvm_args: -Dclassworlds.conf=C:\Program Files\NetBeans-19\netbeans\java\maven\bin\m2.conf -Dmaven.home=C:\Program Files\NetBeans-19\netbeans\java\maven -Dlibrary.jansi.path=C:\Program Files\NetBeans-19\netbeans\java\maven\lib\jansi-native -Dmaven.multiModuleProjectDirectory=C:\Users\MINEDUCYT\Documents\Proyectos Java Luis\LLVGCRUD03JAVASWING 
java_command: org.codehaus.plexus.classworlds.launcher.Launcher -Dexec.vmArgs= -Dexec.args=${exec.vmArgs} -classpath %classpath ${exec.mainClass} ${exec.appArgs} -Dexec.appArgs= -Dexec.mainClass=com.mycompany.llvgcrud03javaswing.LLVGCRUD03JAVASWING -Dexec.executable=C:\Program Files\Java\jdk-21\bin\java.exe -Dmaven.ext.class.path=C:\Program Files\NetBeans-19\netbeans\java\maven-nblib\netbeans-eventspy.jar -Dfile.encoding=UTF-8 --no-transfer-progress process-classes org.codehaus.mojo:exec-maven-plugin:3.1.0:exec
java_class_path (initial): C:\Program Files\NetBeans-19\netbeans\java\maven\boot\plexus-classworlds-2.7.0.jar
Launcher Type: SUN_STANDARD

[Global flags]
     intx CICompilerCount                          = 3                                         {product} {ergonomic}
     uint ConcGCThreads                            = 1                                         {product} {ergonomic}
     uint G1ConcRefinementThreads                  = 4                                         {product} {ergonomic}
   size_t G1HeapRegionSize                         = 1048576                                   {product} {ergonomic}
    uintx GCDrainStackTargetSize                   = 64                                        {product} {ergonomic}
   size_t InitialHeapSize                          = 65011712                                  {product} {ergonomic}
   size_t MarkStackSize                            = 4194304                                   {product} {ergonomic}
   size_t MaxHeapSize                              = 1025507328                                {product} {ergonomic}
   size_t MaxNewSize                               = 614465536                                 {product} {ergonomic}
   size_t MinHeapDeltaBytes                        = 1048576                                   {product} {ergonomic}
   size_t MinHeapSize                              = 8388608                                   {product} {ergonomic}
    uintx NonNMethodCodeHeapSize                   = 5832780                                {pd product} {ergonomic}
    uintx NonProfiledCodeHeapSize                  = 122912730                              {pd product} {ergonomic}
    uintx ProfiledCodeHeapSize                     = 122912730                              {pd product} {ergonomic}
    uintx ReservedCodeCacheSize                    = 251658240                              {pd product} {ergonomic}
     bool SegmentedCodeCache                       = true                                      {product} {ergonomic}
   size_t SoftMaxHeapSize                          = 1025507328                             {manageable} {ergonomic}
     bool UseCompressedOops                        = true                           {product lp64_product} {ergonomic}
     bool UseG1GC                                  = true                                      {product} {ergonomic}
     bool UseLargePagesIndividualAllocation        = false                                  {pd product} {ergonomic}

Logging:
Log output configuration:
 #0: stdout all=warning uptime,level,tags foldmultilines=false
 #1: stderr all=off uptime,level,tags foldmultilines=false

Environment Variables:
JAVA_HOME=C:\Program Files\Java\jdk-21
PATH=C:\Program Files (x86)\Common Files\Oracle\Java\javapath;C:\Program Files\Common Files\Oracle\Java\javapath;C:\Program Files\Microsoft\jdk-11.0.16.101-hotspot\bin;C:\Windows\system32;C:\Windows;C:\Windows\System32\Wbem;C:\Windows\System32\WindowsPowerShell\v1.0\;C:\Windows\System32\OpenSSH\;C:\Program Files (x86)\Microsoft SQL Server\160\Tools\Binn\;C:\Program Files\Microsoft SQL Server\160\Tools\Binn\;C:\Program Files\Microsoft SQL Server\Client SDK\ODBC\170\Tools\Binn\;C:\Program Files\Microsoft SQL Server\160\DTS\Binn\;C:\Program Files\Azure Data Studio\bin;C:\Program Files (x86)\Microsoft SQL Server\160\DTS\Binn\;C:\Program Files\Microsoft SQL Server\150\Tools\Binn\;C:\Program Files\dotnet\;C:\Program Files\PowerShell\7\;C:\Program Files\Git\cmd;C:\Users\MINEDUCYT\.console-ninja\.bin;C:\Users\MINEDUCYT\AppData\Local\Microsoft\WindowsApps;;C:\Program Files\Azure Data Studio\bin;C:\Users\MINEDUCYT\.dotnet\tools;C:\Users\MINEDUCYT\AppData\Local\Programs\Microsoft VS Code\bin;C:\Program Files\JetBrains\IntelliJ IDEA Community Edition 2024.1.2\bin;
USERNAME=MINEDUCYT
OS=Windows_NT
PROCESSOR_IDENTIFIER=Intel64 Family 6 Model 156 Stepping 0, GenuineIntel
TMP=C:\Users\MINEDU~1\AppData\Local\Temp
TEMP=C:\Users\MINEDU~1\AppData\Local\Temp




Periodic native trim disabled

---------------  S Y S T E M  ---------------

OS:
 Windows 10 , 64 bit Build 19041 (10.0.19041.3636)
OS uptime: 0 days 13:36 hours

CPU: total 4 (initial active 4) (4 cores per cpu, 1 threads per core) family 6 model 156 stepping 0 microcode 0x24000026, cx8, cmov, fxsr, mmx, 3dnowpref, sse, sse2, sse3, ssse3, sse4.1, sse4.2, popcnt, tsc, tscinvbit, aes, erms, clmul, sha, clflush, clflushopt, clwb, rdtscp, rdpid
Processor Information for all 4 processors :
  Max Mhz: 1114, Current Mhz: 1114, Mhz Limit: 1114

Memory: 4k page, system-wide physical 3911M (648M free)
TotalPageFile size 9645M (AvailPageFile size 7M)
current process WorkingSet (physical memory assigned to process): 185M, peak: 185M
current process commit charge ("private bytes"): 214M, peak: 215M

vm_info: Java HotSpot(TM) 64-Bit Server VM (21.0.3+7-LTS-152) for windows-amd64 JRE (21.0.3+7-LTS-152), built on 2024-03-11T17:42:26Z by "mach5one" with MS VC++ 17.6 (VS2022)

END.
