#
# There is insufficient memory for the Java Runtime Environment to continue.
# Native memory allocation (mmap) failed to map 1015808 bytes for G1 virtual space
# Possible reasons:
#   The system is out of physical RAM or swap space
#   The process is running with CompressedOops enabled, and the Java Heap may be blocking the growth of the native heap
# Possible solutions:
#   Reduce memory load on the system
#   Increase physical memory or swap space
#   Check if swap backing store is full
#   Decrease Java heap size (-Xmx/-Xms)
#   Decrease number of Java threads
#   Decrease Java thread stack sizes (-Xss)
#   Set larger code cache with -XX:ReservedCodeCacheSize=
#   JVM is running with Unscaled Compressed Oops mode in which the Java heap is
#     placed in the first 4GB address space. The Java Heap base address is the
#     maximum limit for the native heap growth. Please use -XX:HeapBaseMinAddress
#     to set the Java Heap base and to place the Java Heap above 4GB virtual address.
# This output file may be truncated or incomplete.
#
#  Out of Memory Error (os_windows.cpp:3600), pid=1656, tid=10072
#
# JRE version:  (21.0.3+7) (build )
# Java VM: Java HotSpot(TM) 64-Bit Server VM (21.0.3+7-LTS-152, mixed mode, sharing, tiered, compressed oops, compressed class ptrs, g1 gc, windows-amd64)
# No core dump will be written. Minidumps are not enabled by default on client versions of Windows
#

---------------  S U M M A R Y ------------

Command Line: com.mycompany.llvgcrud03javaswing.LLVGCRUD03JAVASWING

Host: Intel(R) Celeron(R) N5100 @ 1.10GHz, 4 cores, 3G,  Windows 10 , 64 bit Build 19041 (10.0.19041.3636)
Time: Thu Jun 13 09:45:49 2024 Hora estándar, América Central elapsed time: 0.023221 seconds (0d 0h 0m 0s)

---------------  T H R E A D  ---------------

Current thread (0x0000024691d42820):  JavaThread "Unknown thread" [_thread_in_vm, id=10072, stack(0x000000544be00000,0x000000544bf00000) (1024K)]

Stack: [0x000000544be00000,0x000000544bf00000]
Native frames: (J=compiled Java code, j=interpreted, Vv=VM code, C=native code)
V  [jvm.dll+0x6c63b9]
V  [jvm.dll+0x84fa11]
V  [jvm.dll+0x851f3e]
V  [jvm.dll+0x852613]
V  [jvm.dll+0x27cd46]
V  [jvm.dll+0x6c2b55]
V  [jvm.dll+0x6b76da]
V  [jvm.dll+0x35051a]
V  [jvm.dll+0x358176]
V  [jvm.dll+0x3aa863]
V  [jvm.dll+0x3aaaf8]
V  [jvm.dll+0x32491c]
V  [jvm.dll+0x32547b]
V  [jvm.dll+0x818f69]
V  [jvm.dll+0x3b7771]
V  [jvm.dll+0x802358]
V  [jvm.dll+0x44c7ce]
V  [jvm.dll+0x44e2a1]
C  [jli.dll+0x52a3]
C  [ucrtbase.dll+0x21bb2]
C  [KERNEL32.DLL+0x17344]
C  [ntdll.dll+0x4cc91]


---------------  P R O C E S S  ---------------

Threads class SMR info:
_java_thread_list=0x00007ffe908f1b88, length=0, elements={
}

Java Threads: ( => current thread )
Total: 0

Other Threads:
  0x0000024693f13470 WorkerThread "GC Thread#0"                     [id=3720, stack(0x000000544bf00000,0x000000544c000000) (1024K)]
  0x0000024693f1c6a0 ConcurrentGCThread "G1 Main Marker"            [id=10804, stack(0x000000544c000000,0x000000544c100000) (1024K)]
  0x0000024693f1d1a0 WorkerThread "G1 Conc#0"                       [id=11516, stack(0x000000544c100000,0x000000544c200000) (1024K)]

[error occurred during error reporting (printing all threads), id 0xc0000005, EXCEPTION_ACCESS_VIOLATION (0xc0000005) at pc=0x00007ffe90067077]
VM state: not at safepoint (not fully initialized)

VM Mutex/Monitor currently owned by a thread:  ([mutex/lock_event])
[0x00007ffe90962ea8] Heap_lock - owner thread: 0x0000024691d42820

Heap address: 0x00000000c2e00000, size: 978 MB, Compressed Oops mode: 32-bit

CDS archive(s) mapped at: [0x0000000000000000-0x0000000000000000-0x0000000000000000), size 0, SharedBaseAddress: 0x0000000800000000, ArchiveRelocationMode: 1.
Narrow klass base: 0x0000000000000000, Narrow klass shift: 0, Narrow klass range: 0x0

GC Precious Log:
 CardTable entry size: 512
 Card Set container configuration: InlinePtr #cards 5 size 8 Array Of Cards #cards 12 size 40 Howl #buckets 4 coarsen threshold 1843 Howl Bitmap #cards 512 size 80 coarsen threshold 460 Card regions per heap region 1 cards per card region 2048

Heap:
 garbage-first heap   total 0K, used 0K [0x00000000c2e00000, 0x0000000100000000)
  region size 1024K, 0 young (0K), 0 survivors (0K)

[error occurred during error reporting (printing heap information), id 0xc0000005, EXCEPTION_ACCESS_VIOLATION (0xc0000005) at pc=0x00007ffe9044e669]
GC Heap History (0 events):
No events

Dll operation events (1 events):
Event: 0.011 Loaded shared library C:\Program Files\Java\jdk-21\bin\java.dll

Deoptimization events (0 events):
No events

Classes loaded (0 events):
No events

Classes unloaded (0 events):
No events

Classes redefined (0 events):
No events

Internal exceptions (0 events):
No events

ZGC Phase Switch (0 events):
No events

VM Operations (0 events):
No events

Events (0 events):
No events


Dynamic libraries:
0x00007ff7d3a30000 - 0x00007ff7d3a40000 	C:\Program Files\Java\jdk-21\bin\java.exe
0x00007ffeda3b0000 - 0x00007ffeda5a8000 	C:\Windows\SYSTEM32\ntdll.dll
0x00007ffed9180000 - 0x00007ffed923d000 	C:\Windows\System32\KERNEL32.DLL
0x00007ffed7a70000 - 0x00007ffed7d66000 	C:\Windows\System32\KERNELBASE.dll
0x00007ffed8090000 - 0x00007ffed8190000 	C:\Windows\System32\ucrtbase.dll
0x00007ffea9440000 - 0x00007ffea9459000 	C:\Program Files\Java\jdk-21\bin\jli.dll
0x00007ffeaefd0000 - 0x00007ffeaefeb000 	C:\Program Files\Java\jdk-21\bin\VCRUNTIME140.dll
0x00007ffed9b00000 - 0x00007ffed9bb0000 	C:\Windows\System32\ADVAPI32.dll
0x00007ffed8650000 - 0x00007ffed86ee000 	C:\Windows\System32\msvcrt.dll
0x00007ffed85a0000 - 0x00007ffed8640000 	C:\Windows\System32\sechost.dll
0x00007ffed9bb0000 - 0x00007ffed9cd3000 	C:\Windows\System32\RPCRT4.dll
0x00007ffed7d70000 - 0x00007ffed7d97000 	C:\Windows\System32\bcrypt.dll
0x00007ffed9820000 - 0x00007ffed99bf000 	C:\Windows\System32\USER32.dll
0x00007ffed7df0000 - 0x00007ffed7e12000 	C:\Windows\System32\win32u.dll
0x00007ffed90e0000 - 0x00007ffed910b000 	C:\Windows\System32\GDI32.dll
0x00007ffed8190000 - 0x00007ffed82a7000 	C:\Windows\System32\gdi32full.dll
0x00007ffed7e20000 - 0x00007ffed7ebd000 	C:\Windows\System32\msvcp_win.dll
0x00007ffeb1280000 - 0x00007ffeb151a000 	C:\Windows\WinSxS\amd64_microsoft.windows.common-controls_6595b64144ccf1df_6.0.19041.4355_none_60b8b9eb71f62e16\COMCTL32.dll
0x00007ffed1720000 - 0x00007ffed172a000 	C:\Windows\SYSTEM32\VERSION.dll
0x00007ffed8570000 - 0x00007ffed859f000 	C:\Windows\System32\IMM32.DLL
0x00007ffed0150000 - 0x00007ffed015c000 	C:\Program Files\Java\jdk-21\bin\vcruntime140_1.dll
0x00007ffea93b0000 - 0x00007ffea943e000 	C:\Program Files\Java\jdk-21\bin\msvcp140.dll
0x00007ffe8fd30000 - 0x00007ffe90a3d000 	C:\Program Files\Java\jdk-21\bin\server\jvm.dll
0x00007ffed9110000 - 0x00007ffed917b000 	C:\Windows\System32\WS2_32.dll
0x00007ffed75d0000 - 0x00007ffed761b000 	C:\Windows\SYSTEM32\POWRPROF.dll
0x00007ffeb1250000 - 0x00007ffeb1277000 	C:\Windows\SYSTEM32\WINMM.dll
0x00007ffed75b0000 - 0x00007ffed75c2000 	C:\Windows\SYSTEM32\UMPDC.dll
0x00007ffed6280000 - 0x00007ffed6292000 	C:\Windows\SYSTEM32\kernel.appcore.dll
0x00007ffea93a0000 - 0x00007ffea93aa000 	C:\Program Files\Java\jdk-21\bin\jimage.dll
0x00007ffed57d0000 - 0x00007ffed59b4000 	C:\Windows\SYSTEM32\DBGHELP.DLL
0x00007ffecf720000 - 0x00007ffecf754000 	C:\Windows\SYSTEM32\dbgcore.DLL
0x00007ffed82b0000 - 0x00007ffed8332000 	C:\Windows\System32\bcryptPrimitives.dll
0x00007ffea9380000 - 0x00007ffea939f000 	C:\Program Files\Java\jdk-21\bin\java.dll

dbghelp: loaded successfully - version: 4.0.5 - missing functions: none
symbol engine: initialized successfully - sym options: 0x614 - pdb path: .;C:\Program Files\Java\jdk-21\bin;C:\Windows\SYSTEM32;C:\Windows\WinSxS\amd64_microsoft.windows.common-controls_6595b64144ccf1df_6.0.19041.4355_none_60b8b9eb71f62e16;C:\Program Files\Java\jdk-21\bin\server

VM Arguments:
java_command: com.mycompany.llvgcrud03javaswing.LLVGCRUD03JAVASWING
java_class_path (initial): C:\Users\MINEDUCYT\Documents\Proyectos Java Luis\LLVGCRUD03JAVASWING\target\classes;C:\Users\MINEDUCYT\.m2\repository\com\microsoft\sqlserver\mssql-jdbc\7.2.1.jre11\mssql-jdbc-7.2.1.jre11.jar;C:\Users\MINEDUCYT\.m2\repository\unknown\binary\jcalendar-1.4\SNAPSHOT\jcalendar-1.4-SNAPSHOT.jar
Launcher Type: SUN_STANDARD

[Global flags]
     intx CICompilerCount                          = 3                                         {product} {ergonomic}
     uint ConcGCThreads                            = 1                                         {product} {ergonomic}
     uint G1ConcRefinementThreads                  = 4                                         {product} {ergonomic}
   size_t G1HeapRegionSize                         = 1048576                                   {product} {ergonomic}
    uintx GCDrainStackTargetSize                   = 64                                        {product} {ergonomic}
   size_t InitialHeapSize                          = 65011712                                  {product} {ergonomic}
   size_t MarkStackSize                            = 4194304                                   {product} {ergonomic}
   size_t MaxHeapSize                              = 1025507328                                {product} {ergonomic}
   size_t MinHeapDeltaBytes                        = 1048576                                   {product} {ergonomic}
   size_t MinHeapSize                              = 8388608                                   {product} {ergonomic}
    uintx NonNMethodCodeHeapSize                   = 5832780                                {pd product} {ergonomic}
    uintx NonProfiledCodeHeapSize                  = 122912730                              {pd product} {ergonomic}
    uintx ProfiledCodeHeapSize                     = 122912730                              {pd product} {ergonomic}
    uintx ReservedCodeCacheSize                    = 251658240                              {pd product} {ergonomic}
     bool SegmentedCodeCache                       = true                                      {product} {ergonomic}
   size_t SoftMaxHeapSize                          = 1025507328                             {manageable} {ergonomic}
     bool UseCompressedOops                        = true                           {product lp64_product} {ergonomic}
     bool UseG1GC                                  = true                                      {product} {ergonomic}
     bool UseLargePagesIndividualAllocation        = false                                  {pd product} {ergonomic}

Logging:
Log output configuration:
 #0: stdout all=warning uptime,level,tags foldmultilines=false
 #1: stderr all=off uptime,level,tags foldmultilines=false

Environment Variables:
JAVA_HOME=C:\Program Files\Java\jdk-21
PATH=C:\Program Files (x86)\Common Files\Oracle\Java\javapath;C:\Program Files\Common Files\Oracle\Java\javapath;C:\Program Files\Microsoft\jdk-11.0.16.101-hotspot\bin;C:\Windows\system32;C:\Windows;C:\Windows\System32\Wbem;C:\Windows\System32\WindowsPowerShell\v1.0\;C:\Windows\System32\OpenSSH\;C:\Program Files (x86)\Microsoft SQL Server\160\Tools\Binn\;C:\Program Files\Microsoft SQL Server\160\Tools\Binn\;C:\Program Files\Microsoft SQL Server\Client SDK\ODBC\170\Tools\Binn\;C:\Program Files\Microsoft SQL Server\160\DTS\Binn\;C:\Program Files\Azure Data Studio\bin;C:\Program Files (x86)\Microsoft SQL Server\160\DTS\Binn\;C:\Program Files\Microsoft SQL Server\150\Tools\Binn\;C:\Program Files\dotnet\;C:\Program Files\PowerShell\7\;C:\Program Files\Git\cmd;C:\Users\MINEDUCYT\.console-ninja\.bin;C:\Users\MINEDUCYT\AppData\Local\Microsoft\WindowsApps;;C:\Program Files\Azure Data Studio\bin;C:\Users\MINEDUCYT\.dotnet\tools;C:\Users\MINEDUCYT\AppData\Local\Programs\Microsoft VS Code\bin;C:\Program Files\JetBrains\IntelliJ IDEA Community Edition 2024.1.2\bin;
USERNAME=MINEDUCYT
OS=Windows_NT
PROCESSOR_IDENTIFIER=Intel64 Family 6 Model 156 Stepping 0, GenuineIntel
TMP=C:\Users\MINEDU~1\AppData\Local\Temp
TEMP=C:\Users\MINEDU~1\AppData\Local\Temp




Periodic native trim disabled

---------------  S Y S T E M  ---------------

OS:
 Windows 10 , 64 bit Build 19041 (10.0.19041.3636)
OS uptime: 0 days 13:36 hours

CPU: total 4 (initial active 4) (4 cores per cpu, 1 threads per core) family 6 model 156 stepping 0 microcode 0x24000026, cx8, cmov, fxsr, mmx, 3dnowpref, sse, sse2, sse3, ssse3, sse4.1, sse4.2, popcnt, tsc, tscinvbit, aes, erms, clmul, sha, clflush, clflushopt, clwb, rdtscp, rdpid
Processor Information for all 4 processors :
  Max Mhz: 1114, Current Mhz: 1114, Mhz Limit: 1114

Memory: 4k page, system-wide physical 3911M (648M free)
TotalPageFile size 9645M (AvailPageFile size 9M)
current process WorkingSet (physical memory assigned to process): 10M, peak: 10M
current process commit charge ("private bytes"): 113M, peak: 114M

vm_info: Java HotSpot(TM) 64-Bit Server VM (21.0.3+7-LTS-152) for windows-amd64 JRE (21.0.3+7-LTS-152), built on 2024-03-11T17:42:26Z by "mach5one" with MS VC++ 17.6 (VS2022)

END.
